<?xml version="1.0" encoding="UTF-8"?>
<testng-results ignored="0" total="1" passed="1" failed="0" skipped="0">
  <reporter-output>
  </reporter-output>
  <suite started-at="2024-11-13T09:36:55 IST" name="Default suite" finished-at="2024-11-13T09:37:12 IST" duration-ms="16738">
    <groups>
    </groups>
    <test started-at="2024-11-13T09:36:55 IST" name="Default test" finished-at="2024-11-13T09:37:12 IST" duration-ms="16738">
      <class name="testScript.TE_003">
        <test-method is-config="true" signature="dbConnection()[pri:0, instance:testScript.TE_003@4145bad8]" started-at="2024-11-13T09:36:55 IST" name="dbConnection" finished-at="2024-11-13T09:36:55 IST" duration-ms="8" status="PASS">
          <reporter-output>
          </reporter-output>
        </test-method> <!-- dbConnection -->
        <test-method is-config="true" signature="launchBrowser(java.lang.String)[pri:0, instance:testScript.TE_003@4145bad8]" started-at="2024-11-13T09:36:55 IST" name="launchBrowser" finished-at="2024-11-13T09:37:00 IST" duration-ms="4749" status="PASS">
          <params>
            <param index="0">
              <value>
                <![CDATA[chrome]]>
              </value>
            </param>
          </params>
          <reporter-output>
          </reporter-output>
        </test-method> <!-- launchBrowser -->
        <test-method is-config="true" signature="loginOperation()[pri:0, instance:testScript.TE_003@4145bad8]" started-at="2024-11-13T09:37:00 IST" name="loginOperation" finished-at="2024-11-13T09:37:03 IST" duration-ms="2485" status="PASS">
          <reporter-output>
          </reporter-output>
        </test-method> <!-- loginOperation -->
        <test-method signature="LE_004()[pri:0, instance:testScript.TE_003@4145bad8]" started-at="2024-11-13T09:37:03 IST" name="LE_004" finished-at="2024-11-13T09:37:11 IST" duration-ms="7883" status="PASS">
          <reporter-output>
          </reporter-output>
        </test-method> <!-- LE_004 -->
        <test-method is-config="true" signature="logoutOperation()[pri:0, instance:testScript.TE_003@4145bad8]" started-at="2024-11-13T09:37:11 IST" name="logoutOperation" finished-at="2024-11-13T09:37:12 IST" duration-ms="1438" status="PASS">
          <reporter-output>
          </reporter-output>
        </test-method> <!-- logoutOperation -->
        <test-method is-config="true" signature="closeBrowser()[pri:0, instance:testScript.TE_003@4145bad8]" started-at="2024-11-13T09:37:12 IST" name="closeBrowser" finished-at="2024-11-13T09:37:12 IST" duration-ms="118" status="PASS">
          <reporter-output>
          </reporter-output>
        </test-method> <!-- closeBrowser -->
        <test-method is-config="true" signature="closeDBConnection()[pri:0, instance:testScript.TE_003@4145bad8]" started-at="2024-11-13T09:37:12 IST" name="closeDBConnection" finished-at="2024-11-13T09:37:12 IST" duration-ms="0" status="PASS">
          <reporter-output>
          </reporter-output>
        </test-method> <!-- closeDBConnection -->
      </class> <!-- testScript.TE_003 -->
    </test> <!-- Default test -->
  </suite> <!-- Default suite -->
</testng-results>
